2026-02-18 10:53:36,626 - ERROR - Tiny PDF: ../scores/Agr/Agr1001c-no_edit.pdf
2026-02-18 10:53:37,609 - ERROR - Tiny PDF: ../scores/Agr/Agr1001c-edit.pdf
2026-02-18 10:53:38,674 - ERROR - Tiny PDF: ../scores/Agr/Agr1001d-no_edit.pdf
2026-02-18 10:53:39,767 - ERROR - Tiny PDF: ../scores/Agr/Agr1001d-edit.pdf
2026-02-18 10:53:40,774 - ERROR - Tiny PDF: ../scores/Agr/Agr1004b-no_edit.pdf
2026-02-18 10:53:41,681 - ERROR - Tiny PDF: ../scores/Agr/Agr1004b-edit.pdf
2026-02-18 10:53:42,939 - ERROR - Tiny PDF: ../scores/Agr/Agr1004c-no_edit.pdf
2026-02-18 10:53:44,169 - ERROR - Tiny PDF: ../scores/Agr/Agr1004c-edit.pdf
2026-02-18 10:53:45,137 - ERROR - Tiny PDF: ../scores/Agr/Agr1004d-no_edit.pdf
2026-02-18 10:53:46,117 - ERROR - Tiny PDF: ../scores/Agr/Agr1004d-edit.pdf
2026-02-18 10:53:47,140 - ERROR - Tiny PDF: ../scores/Agr/Agr1004e-no_edit.pdf
2026-02-18 10:53:48,093 - ERROR - Tiny PDF: ../scores/Agr/Agr1004e-edit.pdf
2026-02-18 10:53:49,597 - ERROR - Tiny PDF: ../scores/Ano/Ano1001d-no_edit.pdf
2026-02-18 10:53:50,623 - ERROR - Tiny PDF: ../scores/Ano/Ano1001d-edit.pdf
2026-02-18 10:53:52,811 - ERROR - Tiny PDF: ../scores/Ano/Ano3002-no_edit.pdf
2026-02-18 10:53:53,652 - ERROR - Tiny PDF: ../scores/Ano/Ano3002-edit.pdf
2026-02-18 10:53:56,312 - ERROR - Tiny PDF: ../scores/Ano/Ano3091-no_edit.pdf
2026-02-18 10:53:57,143 - ERROR - Tiny PDF: ../scores/Ano/Ano3091-edit.pdf
2026-02-18 10:53:59,735 - ERROR - Tiny PDF: ../scores/Ano/Ano3150-no_edit.pdf
2026-02-18 10:54:00,562 - ERROR - Tiny PDF: ../scores/Ano/Ano3150-edit.pdf
2026-02-18 10:54:03,421 - ERROR - Tiny PDF: ../scores/Bru/Bru1008a-no_edit.pdf
2026-02-18 10:54:04,753 - ERROR - Tiny PDF: ../scores/Bru/Bru1008a-edit.pdf
2026-02-18 10:54:06,402 - ERROR - Tiny PDF: ../scores/Bru/Bru1008b-no_edit.pdf
2026-02-18 10:54:08,028 - ERROR - Tiny PDF: ../scores/Bru/Bru1008b-edit.pdf
2026-02-18 10:54:09,958 - ERROR - Tiny PDF: ../scores/Bru/Bru1008d-no_edit.pdf
2026-02-18 10:54:11,715 - ERROR - Tiny PDF: ../scores/Bru/Bru1008d-edit.pdf
2026-02-18 10:54:12,739 - ERROR - Tiny PDF: ../scores/Bru/Bru1008e-no_edit.pdf
2026-02-18 10:54:13,763 - ERROR - Tiny PDF: ../scores/Bru/Bru1008e-edit.pdf
2026-02-18 10:54:15,218 - ERROR - Tiny PDF: ../scores/Bru/Bru2012-no_edit.pdf
2026-02-18 10:54:16,540 - ERROR - Tiny PDF: ../scores/Bru/Bru2012-edit.pdf
2026-02-18 10:54:18,641 - ERROR - Tiny PDF: ../scores/Bus/Bus3008-no_edit.pdf
2026-02-18 10:54:19,497 - ERROR - Tiny PDF: ../scores/Bus/Bus3008-edit.pdf
2026-02-18 10:54:21,104 - ERROR - Tiny PDF: ../scores/Bus/Bus3019-no_edit.pdf
2026-02-18 10:54:21,939 - ERROR - Tiny PDF: ../scores/Bus/Bus3019-edit.pdf
2026-02-18 10:54:24,223 - ERROR - Tiny PDF: ../scores/Bus/Bus3040-no_edit.pdf
2026-02-18 10:54:25,050 - ERROR - Tiny PDF: ../scores/Bus/Bus3040-edit.pdf
2026-02-18 10:54:26,142 - ERROR - Tiny PDF: ../scores/Bus/Bus3044-no_edit.pdf
2026-02-18 10:54:26,971 - ERROR - Tiny PDF: ../scores/Bus/Bus3044-edit.pdf
2026-02-18 10:54:29,582 - ERROR - Tiny PDF: ../scores/Com/Com1002a-no_edit.pdf
2026-02-18 10:54:30,453 - ERROR - Tiny PDF: ../scores/Com/Com1002a-edit.pdf
2026-02-18 10:54:31,380 - ERROR - Tiny PDF: ../scores/Com/Com1002b-no_edit.pdf
2026-02-18 10:54:32,239 - ERROR - Tiny PDF: ../scores/Com/Com1002b-edit.pdf
2026-02-18 10:54:33,507 - ERROR - Tiny PDF: ../scores/Com/Com1002e-no_edit.pdf
2026-02-18 10:54:34,374 - ERROR - Tiny PDF: ../scores/Com/Com1002e-edit.pdf
2026-02-18 10:54:35,581 - ERROR - Tiny PDF: ../scores/Com/Com3028-no_edit.pdf
2026-02-18 10:54:36,497 - ERROR - Tiny PDF: ../scores/Com/Com3028-edit.pdf
2026-02-18 10:54:37,419 - ERROR - Tiny PDF: ../scores/Com/Com3029-no_edit.pdf
2026-02-18 10:54:38,277 - ERROR - Tiny PDF: ../scores/Com/Com3029-edit.pdf
2026-02-18 10:54:39,093 - ERROR - Tiny PDF: ../scores/Com/Com3030-no_edit.pdf
2026-02-18 10:54:39,978 - ERROR - Tiny PDF: ../scores/Com/Com3030-edit.pdf
2026-02-18 10:54:41,210 - ERROR - Tiny PDF: ../scores/Com/Com3035-no_edit.pdf
2026-02-18 10:54:42,128 - ERROR - Tiny PDF: ../scores/Com/Com3035-edit.pdf
2026-02-18 10:54:43,531 - ERROR - Tiny PDF: ../scores/Com/Com3042-no_edit.pdf
2026-02-18 10:54:44,420 - ERROR - Tiny PDF: ../scores/Com/Com3042-edit.pdf
2026-02-18 10:54:45,247 - ERROR - Tiny PDF: ../scores/Com/Com3043-no_edit.pdf
2026-02-18 10:54:46,091 - ERROR - Tiny PDF: ../scores/Com/Com3043-edit.pdf
2026-02-18 10:54:47,454 - ERROR - Tiny PDF: ../scores/Com/Com3049-no_edit.pdf
2026-02-18 10:54:48,362 - ERROR - Tiny PDF: ../scores/Com/Com3049-edit.pdf
2026-02-18 10:54:50,116 - ERROR - Tiny PDF: ../scores/Das/Das1002c-no_edit.pdf
2026-02-18 10:54:51,446 - ERROR - Tiny PDF: ../scores/Das/Das1002c-edit.pdf
2026-02-18 10:54:53,598 - ERROR - Tiny PDF: ../scores/Duf/Duf1004c-no_edit.pdf
2026-02-18 10:54:54,545 - ERROR - Tiny PDF: ../scores/Duf/Duf1004c-edit.pdf
2026-02-18 10:54:55,736 - ERROR - Tiny PDF: ../scores/Duf/Duf1005c-no_edit.pdf
2026-02-18 10:54:57,594 - ERROR - Tiny PDF: ../scores/Duf/Duf3022-no_edit.pdf
2026-02-18 10:54:58,404 - ERROR - Tiny PDF: ../scores/Duf/Duf3022-edit.pdf
2026-02-18 10:55:01,079 - ERROR - Tiny PDF: ../scores/Gas/Gas0102c-no_edit.pdf
2026-02-18 10:55:02,048 - ERROR - Tiny PDF: ../scores/Gas/Gas0102c-edit.pdf
2026-02-18 10:55:02,892 - ERROR - Tiny PDF: ../scores/Gas/Gas0102d-no_edit.pdf
2026-02-18 10:55:03,762 - ERROR - Tiny PDF: ../scores/Gas/Gas0102d-edit.pdf
2026-02-18 10:55:04,968 - ERROR - Tiny PDF: ../scores/Gas/Gas0103c-no_edit.pdf
2026-02-18 10:55:05,893 - ERROR - Tiny PDF: ../scores/Gas/Gas0103c-edit.pdf
2026-02-18 10:55:07,075 - ERROR - Tiny PDF: ../scores/Gas/Gas0104b-no_edit.pdf
2026-02-18 10:55:08,035 - ERROR - Tiny PDF: ../scores/Gas/Gas0104b-edit.pdf
2026-02-18 10:55:09,210 - ERROR - Tiny PDF: ../scores/Gas/Gas0201b-no_edit.pdf
2026-02-18 10:55:10,085 - ERROR - Tiny PDF: ../scores/Gas/Gas0201b-edit.pdf
2026-02-18 10:55:11,830 - ERROR - Tiny PDF: ../scores/Gas/Gas0203c-no_edit.pdf
2026-02-18 10:55:12,697 - ERROR - Tiny PDF: ../scores/Gas/Gas0203c-edit.pdf
2026-02-18 10:55:13,566 - ERROR - Tiny PDF: ../scores/Gas/Gas0203d-no_edit.pdf
2026-02-18 10:55:14,414 - ERROR - Tiny PDF: ../scores/Gas/Gas0203d-edit.pdf
2026-02-18 10:55:15,515 - ERROR - Tiny PDF: ../scores/Gas/Gas0204b-no_edit.pdf
2026-02-18 10:55:16,395 - ERROR - Tiny PDF: ../scores/Gas/Gas0204b-edit.pdf
2026-02-18 10:55:19,403 - ERROR - Tiny PDF: ../scores/Gas/Gas0402-no_edit.pdf
2026-02-18 10:55:20,309 - ERROR - Tiny PDF: ../scores/Gas/Gas0402-edit.pdf
2026-02-18 10:55:21,176 - ERROR - Tiny PDF: ../scores/Gas/Gas0403-no_edit.pdf
2026-02-18 10:55:22,065 - ERROR - Tiny PDF: ../scores/Gas/Gas0403-edit.pdf
2026-02-18 10:55:23,397 - ERROR - Tiny PDF: ../scores/Gas/Gas0409-no_edit.pdf
2026-02-18 10:55:24,317 - ERROR - Tiny PDF: ../scores/Gas/Gas0409-edit.pdf
2026-02-18 10:55:26,267 - ERROR - Tiny PDF: ../scores/Gas/Gas0501b-edit.pdf
2026-02-18 10:55:27,494 - ERROR - Tiny PDF: ../scores/Gas/Gas0502-no_edit.pdf
2026-02-18 10:55:28,373 - ERROR - Tiny PDF: ../scores/Gas/Gas0502-edit.pdf
2026-02-18 10:55:29,657 - ERROR - Tiny PDF: ../scores/Jap/Jap3001-no_edit.pdf
2026-02-18 10:55:30,567 - ERROR - Tiny PDF: ../scores/Jap/Jap3001-edit.pdf
2026-02-18 10:55:33,330 - ERROR - Tiny PDF: ../scores/Jos/Jos0301b-edit.pdf
2026-02-18 10:55:39,680 - ERROR - Tiny PDF: ../scores/Jos/Jos0703d-no_edit.pdf
2026-02-18 10:55:59,648 - ERROR - Tiny PDF: ../scores/Jos/Jos2605-no_edit.pdf
2026-02-18 10:56:00,986 - ERROR - Tiny PDF: ../scores/Jos/Jos2605-edit.pdf
2026-02-18 10:56:04,777 - ERROR - Tiny PDF: ../scores/Jos/Jos2728-no_edit.pdf
2026-02-18 10:56:05,685 - ERROR - Tiny PDF: ../scores/Jos/Jos2728-edit.pdf
2026-02-18 10:56:11,220 - ERROR - Tiny PDF: ../scores/Jos/Jos2913-no_edit.pdf
2026-02-18 10:56:12,242 - ERROR - Tiny PDF: ../scores/Jos/Jos2913-edit.pdf
2026-02-18 10:56:18,485 - ERROR - Tiny PDF: ../scores/Mar/Mar1004b-no_edit.pdf
2026-02-18 10:56:29,636 - ERROR - Tiny PDF: ../scores/Obr/Obr1002c-no_edit.pdf
2026-02-18 10:56:30,469 - ERROR - Tiny PDF: ../scores/Obr/Obr1002c-edit.pdf
2026-02-18 10:56:31,338 - ERROR - Tiny PDF: ../scores/Obr/Obr1002d-no_edit.pdf
2026-02-18 10:56:32,213 - ERROR - Tiny PDF: ../scores/Obr/Obr1002d-edit.pdf
2026-02-18 10:56:33,198 - ERROR - Tiny PDF: ../scores/Obr/Obr2010-no_edit.pdf
2026-02-18 10:56:34,054 - ERROR - Tiny PDF: ../scores/Obr/Obr2010-edit.pdf
2026-02-18 10:56:40,381 - ERROR - Tiny PDF: ../scores/Oke/Oke1013e-no_edit.pdf
2026-02-18 10:56:41,218 - ERROR - Tiny PDF: ../scores/Oke/Oke1013e-edit.pdf
2026-02-18 10:56:47,060 - ERROR - Tiny PDF: ../scores/Ort/Ort2004-no_edit.pdf
2026-02-18 10:56:47,985 - ERROR - Tiny PDF: ../scores/Ort/Ort2004-edit.pdf
2026-02-18 10:56:50,448 - ERROR - Tiny PDF: ../scores/Reg/Reg2006-no_edit.pdf
2026-02-18 10:56:51,974 - ERROR - Tiny PDF: ../scores/Rue/Rue1002d-no_edit.pdf
2026-02-18 10:56:53,097 - ERROR - Tiny PDF: ../scores/Rue/Rue1002d-edit.pdf
2026-02-18 10:57:09,359 - WARNING - Skipping corrupt section: ../scores/Agr/Agr1001c-no_edit.pdf
2026-02-18 10:57:09,359 - WARNING - Skipping corrupt section: ../scores/Agr/Agr1001d-no_edit.pdf
2026-02-18 10:57:09,480 - WARNING - Skipping corrupt section: ../scores/Agr/Agr1001c-edit.pdf
2026-02-18 10:57:09,480 - WARNING - Skipping corrupt section: ../scores/Agr/Agr1001d-edit.pdf
2026-02-18 10:57:09,558 - WARNING - Skipping corrupt section: ../scores/Agr/Agr1004b-no_edit.pdf
2026-02-18 10:57:09,558 - WARNING - Skipping corrupt section: ../scores/Agr/Agr1004c-no_edit.pdf
2026-02-18 10:57:09,558 - WARNING - Skipping corrupt section: ../scores/Agr/Agr1004d-no_edit.pdf
2026-02-18 10:57:09,558 - WARNING - Skipping corrupt section: ../scores/Agr/Agr1004e-no_edit.pdf
2026-02-18 10:57:09,596 - WARNING - Skipping corrupt section: ../scores/Agr/Agr1004b-edit.pdf
2026-02-18 10:57:09,597 - WARNING - Skipping corrupt section: ../scores/Agr/Agr1004c-edit.pdf
2026-02-18 10:57:09,597 - WARNING - Skipping corrupt section: ../scores/Agr/Agr1004d-edit.pdf
2026-02-18 10:57:09,597 - WARNING - Skipping corrupt section: ../scores/Agr/Agr1004e-edit.pdf
2026-02-18 10:57:09,714 - WARNING - Skipping corrupt section: ../scores/Ano/Ano1001d-no_edit.pdf
2026-02-18 10:57:09,909 - WARNING - Skipping corrupt section: ../scores/Ano/Ano1001d-edit.pdf
2026-02-18 10:57:11,483 - WARNING - Skipping corrupt section: ../scores/Bru/Bru1008a-no_edit.pdf
2026-02-18 10:57:11,483 - WARNING - Skipping corrupt section: ../scores/Bru/Bru1008b-no_edit.pdf
2026-02-18 10:57:11,522 - WARNING - Skipping corrupt section: ../scores/Bru/Bru1008d-no_edit.pdf
2026-02-18 10:57:11,522 - WARNING - Skipping corrupt section: ../scores/Bru/Bru1008e-no_edit.pdf
2026-02-18 10:57:11,523 - WARNING - Skipping corrupt section: ../scores/Bru/Bru1008a-edit.pdf
2026-02-18 10:57:11,523 - WARNING - Skipping corrupt section: ../scores/Bru/Bru1008b-edit.pdf
2026-02-18 10:57:11,562 - WARNING - Skipping corrupt section: ../scores/Bru/Bru1008d-edit.pdf
2026-02-18 10:57:11,562 - WARNING - Skipping corrupt section: ../scores/Bru/Bru1008e-edit.pdf
2026-02-18 10:57:12,031 - WARNING - Skipping corrupt section: ../scores/Com/Com1002a-no_edit.pdf
2026-02-18 10:57:12,031 - WARNING - Skipping corrupt section: ../scores/Com/Com1002b-no_edit.pdf
2026-02-18 10:57:12,110 - WARNING - Skipping corrupt section: ../scores/Com/Com1002e-no_edit.pdf
2026-02-18 10:57:12,149 - WARNING - Skipping corrupt section: ../scores/Com/Com1002a-edit.pdf
2026-02-18 10:57:12,149 - WARNING - Skipping corrupt section: ../scores/Com/Com1002b-edit.pdf
2026-02-18 10:57:12,228 - WARNING - Skipping corrupt section: ../scores/Com/Com1002e-edit.pdf
2026-02-18 10:57:12,345 - WARNING - Skipping corrupt section: ../scores/Das/Das1002c-no_edit.pdf
2026-02-18 10:57:12,540 - WARNING - Skipping corrupt section: ../scores/Das/Das1002c-edit.pdf
2026-02-18 10:57:13,674 - WARNING - Skipping corrupt section: ../scores/Duf/Duf1004c-no_edit.pdf
2026-02-18 10:57:13,871 - WARNING - Skipping corrupt section: ../scores/Duf/Duf1004c-edit.pdf
2026-02-18 10:57:14,067 - WARNING - Skipping corrupt section: ../scores/Duf/Duf1005c-no_edit.pdf
2026-02-18 10:57:15,671 - WARNING - Skipping corrupt section: ../scores/Gas/Gas0102c-no_edit.pdf
2026-02-18 10:57:15,671 - WARNING - Skipping corrupt section: ../scores/Gas/Gas0102d-no_edit.pdf
2026-02-18 10:57:15,826 - WARNING - Skipping corrupt section: ../scores/Gas/Gas0102c-edit.pdf
2026-02-18 10:57:15,826 - WARNING - Skipping corrupt section: ../scores/Gas/Gas0102d-edit.pdf
2026-02-18 10:57:15,982 - WARNING - Skipping corrupt section: ../scores/Gas/Gas0103c-no_edit.pdf
2026-02-18 10:57:16,176 - WARNING - Skipping corrupt section: ../scores/Gas/Gas0103c-edit.pdf
2026-02-18 10:57:16,332 - WARNING - Skipping corrupt section: ../scores/Gas/Gas0104b-no_edit.pdf
2026-02-18 10:57:16,526 - WARNING - Skipping corrupt section: ../scores/Gas/Gas0104b-edit.pdf
2026-02-18 10:57:16,719 - WARNING - Skipping corrupt section: ../scores/Gas/Gas0201b-no_edit.pdf
2026-02-18 10:57:16,914 - WARNING - Skipping corrupt section: ../scores/Gas/Gas0201b-edit.pdf
2026-02-18 10:57:17,613 - WARNING - Skipping corrupt section: ../scores/Gas/Gas0203c-no_edit.pdf
2026-02-18 10:57:17,618 - WARNING - Skipping corrupt section: ../scores/Gas/Gas0203d-no_edit.pdf
2026-02-18 10:57:17,771 - WARNING - Skipping corrupt section: ../scores/Gas/Gas0203c-edit.pdf
2026-02-18 10:57:17,772 - WARNING - Skipping corrupt section: ../scores/Gas/Gas0203d-edit.pdf
2026-02-18 10:57:17,887 - WARNING - Skipping corrupt section: ../scores/Gas/Gas0204b-no_edit.pdf
2026-02-18 10:57:18,082 - WARNING - Skipping corrupt section: ../scores/Gas/Gas0204b-edit.pdf
2026-02-18 10:57:20,265 - WARNING - Skipping corrupt section: ../scores/Gas/Gas0501b-edit.pdf
2026-02-18 10:57:20,732 - WARNING - Skipping corrupt section: ../scores/Jos/Jos0301b-edit.pdf
2026-02-18 10:57:26,812 - WARNING - Skipping corrupt section: ../scores/Jos/Jos0703d-no_edit.pdf
2026-02-18 10:57:36,026 - WARNING - Skipping corrupt section: ../scores/Mar/Mar1004b-no_edit.pdf
2026-02-18 10:57:39,143 - WARNING - Skipping corrupt section: ../scores/Obr/Obr1002c-no_edit.pdf
2026-02-18 10:57:39,144 - WARNING - Skipping corrupt section: ../scores/Obr/Obr1002d-no_edit.pdf
2026-02-18 10:57:39,298 - WARNING - Skipping corrupt section: ../scores/Obr/Obr1002c-edit.pdf
2026-02-18 10:57:39,298 - WARNING - Skipping corrupt section: ../scores/Obr/Obr1002d-edit.pdf
2026-02-18 10:57:45,288 - WARNING - Skipping corrupt section: ../scores/Oke/Oke1013e-no_edit.pdf
2026-02-18 10:57:45,481 - WARNING - Skipping corrupt section: ../scores/Oke/Oke1013e-edit.pdf
2026-02-18 10:57:48,984 - WARNING - Skipping corrupt section: ../scores/Rue/Rue1002d-no_edit.pdf
2026-02-18 10:57:49,180 - WARNING - Skipping corrupt section: ../scores/Rue/Rue1002d-edit.pdf
2026-02-18 11:33:55,415 - ERROR - Tiny PDF: ../scores/Agr/Agr1001c-no_edit.pdf
2026-02-18 11:33:56,440 - ERROR - Tiny PDF: ../scores/Agr/Agr1001c-edit.pdf
2026-02-18 11:33:57,562 - ERROR - Tiny PDF: ../scores/Agr/Agr1001d-no_edit.pdf
2026-02-18 11:33:58,692 - ERROR - Tiny PDF: ../scores/Agr/Agr1001d-edit.pdf
2026-02-18 11:33:59,730 - ERROR - Tiny PDF: ../scores/Agr/Agr1004b-no_edit.pdf
2026-02-18 11:34:00,647 - ERROR - Tiny PDF: ../scores/Agr/Agr1004b-edit.pdf
2026-02-18 11:34:01,781 - ERROR - Tiny PDF: ../scores/Agr/Agr1004c-no_edit.pdf
2026-02-18 11:34:02,928 - ERROR - Tiny PDF: ../scores/Agr/Agr1004c-edit.pdf
2026-02-18 11:34:03,906 - ERROR - Tiny PDF: ../scores/Agr/Agr1004d-no_edit.pdf
2026-02-18 11:34:04,939 - ERROR - Tiny PDF: ../scores/Agr/Agr1004d-edit.pdf
2026-02-18 11:34:05,861 - ERROR - Tiny PDF: ../scores/Agr/Agr1004e-no_edit.pdf
2026-02-18 11:34:06,761 - ERROR - Tiny PDF: ../scores/Agr/Agr1004e-edit.pdf
2026-02-18 11:34:08,213 - ERROR - Tiny PDF: ../scores/Ano/Ano1001d-no_edit.pdf
2026-02-18 11:34:09,238 - ERROR - Tiny PDF: ../scores/Ano/Ano1001d-edit.pdf
2026-02-18 11:34:11,384 - ERROR - Tiny PDF: ../scores/Ano/Ano3002-no_edit.pdf
2026-02-18 11:34:12,310 - ERROR - Tiny PDF: ../scores/Ano/Ano3002-edit.pdf
2026-02-18 11:34:14,936 - ERROR - Tiny PDF: ../scores/Ano/Ano3091-no_edit.pdf
2026-02-18 11:34:15,757 - ERROR - Tiny PDF: ../scores/Ano/Ano3091-edit.pdf
2026-02-18 11:34:18,316 - ERROR - Tiny PDF: ../scores/Ano/Ano3150-no_edit.pdf
2026-02-18 11:34:19,136 - ERROR - Tiny PDF: ../scores/Ano/Ano3150-edit.pdf
2026-02-18 11:34:21,908 - ERROR - Tiny PDF: ../scores/Bru/Bru1008a-no_edit.pdf
2026-02-18 11:34:23,134 - ERROR - Tiny PDF: ../scores/Bru/Bru1008a-edit.pdf
2026-02-18 11:34:24,726 - ERROR - Tiny PDF: ../scores/Bru/Bru1008b-no_edit.pdf
2026-02-18 11:34:26,363 - ERROR - Tiny PDF: ../scores/Bru/Bru1008b-edit.pdf
2026-02-18 11:34:28,358 - ERROR - Tiny PDF: ../scores/Bru/Bru1008d-no_edit.pdf
2026-02-18 11:34:30,133 - ERROR - Tiny PDF: ../scores/Bru/Bru1008d-edit.pdf
2026-02-18 11:34:31,051 - ERROR - Tiny PDF: ../scores/Bru/Bru1008e-no_edit.pdf
2026-02-18 11:34:31,971 - ERROR - Tiny PDF: ../scores/Bru/Bru1008e-edit.pdf
2026-02-18 11:34:33,429 - ERROR - Tiny PDF: ../scores/Bru/Bru2012-no_edit.pdf
2026-02-18 11:34:34,761 - ERROR - Tiny PDF: ../scores/Bru/Bru2012-edit.pdf
2026-02-18 11:34:37,186 - ERROR - Tiny PDF: ../scores/Bus/Bus3008-no_edit.pdf
2026-02-18 11:34:37,992 - ERROR - Tiny PDF: ../scores/Bus/Bus3008-edit.pdf
2026-02-18 11:34:39,668 - ERROR - Tiny PDF: ../scores/Bus/Bus3019-no_edit.pdf
2026-02-18 11:34:40,473 - ERROR - Tiny PDF: ../scores/Bus/Bus3019-edit.pdf
2026-02-18 11:34:42,674 - ERROR - Tiny PDF: ../scores/Bus/Bus3040-no_edit.pdf
2026-02-18 11:34:43,512 - ERROR - Tiny PDF: ../scores/Bus/Bus3040-edit.pdf
2026-02-18 11:34:44,667 - ERROR - Tiny PDF: ../scores/Bus/Bus3044-no_edit.pdf
2026-02-18 11:34:45,592 - ERROR - Tiny PDF: ../scores/Bus/Bus3044-edit.pdf
2026-02-18 11:34:48,139 - ERROR - Tiny PDF: ../scores/Com/Com1002a-no_edit.pdf
2026-02-18 11:34:48,996 - ERROR - Tiny PDF: ../scores/Com/Com1002a-edit.pdf
2026-02-18 11:34:49,866 - ERROR - Tiny PDF: ../scores/Com/Com1002b-no_edit.pdf
2026-02-18 11:34:50,738 - ERROR - Tiny PDF: ../scores/Com/Com1002b-edit.pdf
2026-02-18 11:34:51,837 - ERROR - Tiny PDF: ../scores/Com/Com1002e-no_edit.pdf
2026-02-18 11:34:52,760 - ERROR - Tiny PDF: ../scores/Com/Com1002e-edit.pdf
2026-02-18 11:34:53,934 - ERROR - Tiny PDF: ../scores/Com/Com3028-no_edit.pdf
2026-02-18 11:34:54,769 - ERROR - Tiny PDF: ../scores/Com/Com3028-edit.pdf
2026-02-18 11:34:55,600 - ERROR - Tiny PDF: ../scores/Com/Com3029-no_edit.pdf
2026-02-18 11:34:56,446 - ERROR - Tiny PDF: ../scores/Com/Com3029-edit.pdf
2026-02-18 11:34:57,367 - ERROR - Tiny PDF: ../scores/Com/Com3030-no_edit.pdf
2026-02-18 11:34:58,194 - ERROR - Tiny PDF: ../scores/Com/Com3030-edit.pdf
2026-02-18 11:34:59,418 - ERROR - Tiny PDF: ../scores/Com/Com3035-no_edit.pdf
2026-02-18 11:35:00,254 - ERROR - Tiny PDF: ../scores/Com/Com3035-edit.pdf
2026-02-18 11:35:01,598 - ERROR - Tiny PDF: ../scores/Com/Com3042-no_edit.pdf
2026-02-18 11:35:02,496 - ERROR - Tiny PDF: ../scores/Com/Com3042-edit.pdf
2026-02-18 11:35:03,354 - ERROR - Tiny PDF: ../scores/Com/Com3043-no_edit.pdf
2026-02-18 11:35:04,217 - ERROR - Tiny PDF: ../scores/Com/Com3043-edit.pdf
2026-02-18 11:35:05,478 - ERROR - Tiny PDF: ../scores/Com/Com3049-no_edit.pdf
2026-02-18 11:35:06,307 - ERROR - Tiny PDF: ../scores/Com/Com3049-edit.pdf
2026-02-18 11:35:07,982 - ERROR - Tiny PDF: ../scores/Das/Das1002c-no_edit.pdf
2026-02-18 11:35:09,235 - ERROR - Tiny PDF: ../scores/Das/Das1002c-edit.pdf
2026-02-18 11:35:11,295 - ERROR - Tiny PDF: ../scores/Duf/Duf1004c-no_edit.pdf
2026-02-18 11:35:12,224 - ERROR - Tiny PDF: ../scores/Duf/Duf1004c-edit.pdf
2026-02-18 11:35:13,427 - ERROR - Tiny PDF: ../scores/Duf/Duf1005c-no_edit.pdf
2026-02-18 11:35:15,232 - ERROR - Tiny PDF: ../scores/Duf/Duf3022-no_edit.pdf
2026-02-18 11:35:16,059 - ERROR - Tiny PDF: ../scores/Duf/Duf3022-edit.pdf
2026-02-18 11:35:18,629 - ERROR - Tiny PDF: ../scores/Gas/Gas0102c-no_edit.pdf
2026-02-18 11:35:19,600 - ERROR - Tiny PDF: ../scores/Gas/Gas0102c-edit.pdf
2026-02-18 11:35:20,478 - ERROR - Tiny PDF: ../scores/Gas/Gas0102d-no_edit.pdf
2026-02-18 11:35:21,342 - ERROR - Tiny PDF: ../scores/Gas/Gas0102d-edit.pdf
2026-02-18 11:35:22,522 - ERROR - Tiny PDF: ../scores/Gas/Gas0103c-no_edit.pdf
2026-02-18 11:35:23,480 - ERROR - Tiny PDF: ../scores/Gas/Gas0103c-edit.pdf
2026-02-18 11:35:24,655 - ERROR - Tiny PDF: ../scores/Gas/Gas0104b-no_edit.pdf
2026-02-18 11:35:25,566 - ERROR - Tiny PDF: ../scores/Gas/Gas0104b-edit.pdf
2026-02-18 11:35:26,745 - ERROR - Tiny PDF: ../scores/Gas/Gas0201b-no_edit.pdf
2026-02-18 11:35:27,554 - ERROR - Tiny PDF: ../scores/Gas/Gas0201b-edit.pdf
2026-02-18 11:35:29,258 - ERROR - Tiny PDF: ../scores/Gas/Gas0203c-no_edit.pdf
2026-02-18 11:35:30,130 - ERROR - Tiny PDF: ../scores/Gas/Gas0203c-edit.pdf
2026-02-18 11:35:30,987 - ERROR - Tiny PDF: ../scores/Gas/Gas0203d-no_edit.pdf
2026-02-18 11:35:31,836 - ERROR - Tiny PDF: ../scores/Gas/Gas0203d-edit.pdf
2026-02-18 11:35:32,849 - ERROR - Tiny PDF: ../scores/Gas/Gas0204b-no_edit.pdf
2026-02-18 11:35:33,721 - ERROR - Tiny PDF: ../scores/Gas/Gas0204b-edit.pdf
2026-02-18 11:35:36,528 - ERROR - Tiny PDF: ../scores/Gas/Gas0402-no_edit.pdf
2026-02-18 11:35:37,397 - ERROR - Tiny PDF: ../scores/Gas/Gas0402-edit.pdf
2026-02-18 11:35:38,261 - ERROR - Tiny PDF: ../scores/Gas/Gas0403-no_edit.pdf
2026-02-18 11:35:39,147 - ERROR - Tiny PDF: ../scores/Gas/Gas0403-edit.pdf
2026-02-18 11:35:40,425 - ERROR - Tiny PDF: ../scores/Gas/Gas0409-no_edit.pdf
2026-02-18 11:35:41,294 - ERROR - Tiny PDF: ../scores/Gas/Gas0409-edit.pdf
2026-02-18 11:35:43,116 - ERROR - Tiny PDF: ../scores/Gas/Gas0501b-edit.pdf
2026-02-18 11:35:44,369 - ERROR - Tiny PDF: ../scores/Gas/Gas0502-no_edit.pdf
2026-02-18 11:35:45,197 - ERROR - Tiny PDF: ../scores/Gas/Gas0502-edit.pdf
2026-02-18 11:35:46,475 - ERROR - Tiny PDF: ../scores/Jap/Jap3001-no_edit.pdf
2026-02-18 11:35:47,339 - ERROR - Tiny PDF: ../scores/Jap/Jap3001-edit.pdf
2026-02-18 11:35:50,143 - ERROR - Tiny PDF: ../scores/Jos/Jos0301b-edit.pdf
2026-02-18 11:35:56,966 - ERROR - Tiny PDF: ../scores/Jos/Jos0703d-no_edit.pdf
2026-02-18 11:36:16,727 - ERROR - Tiny PDF: ../scores/Jos/Jos2605-no_edit.pdf
2026-02-18 11:36:18,040 - ERROR - Tiny PDF: ../scores/Jos/Jos2605-edit.pdf
2026-02-18 11:36:21,792 - ERROR - Tiny PDF: ../scores/Jos/Jos2728-no_edit.pdf
2026-02-18 11:36:22,667 - ERROR - Tiny PDF: ../scores/Jos/Jos2728-edit.pdf
2026-02-18 11:36:28,198 - ERROR - Tiny PDF: ../scores/Jos/Jos2913-no_edit.pdf
2026-02-18 11:36:29,136 - ERROR - Tiny PDF: ../scores/Jos/Jos2913-edit.pdf
2026-02-18 11:36:35,482 - ERROR - Tiny PDF: ../scores/Mar/Mar1004b-no_edit.pdf
2026-02-18 11:36:46,970 - ERROR - Tiny PDF: ../scores/Obr/Obr1002c-no_edit.pdf
2026-02-18 11:36:47,774 - ERROR - Tiny PDF: ../scores/Obr/Obr1002c-edit.pdf
2026-02-18 11:36:48,577 - ERROR - Tiny PDF: ../scores/Obr/Obr1002d-no_edit.pdf
2026-02-18 11:36:49,380 - ERROR - Tiny PDF: ../scores/Obr/Obr1002d-edit.pdf
2026-02-18 11:36:50,393 - ERROR - Tiny PDF: ../scores/Obr/Obr2010-no_edit.pdf
2026-02-18 11:36:51,196 - ERROR - Tiny PDF: ../scores/Obr/Obr2010-edit.pdf
2026-02-18 11:36:58,031 - ERROR - Tiny PDF: ../scores/Oke/Oke1013e-no_edit.pdf
2026-02-18 11:36:58,836 - ERROR - Tiny PDF: ../scores/Oke/Oke1013e-edit.pdf
2026-02-18 11:37:05,065 - ERROR - Tiny PDF: ../scores/Ort/Ort2004-no_edit.pdf
2026-02-18 11:37:05,984 - ERROR - Tiny PDF: ../scores/Ort/Ort2004-edit.pdf
2026-02-18 11:37:08,498 - ERROR - Tiny PDF: ../scores/Reg/Reg2006-no_edit.pdf
2026-02-18 11:37:10,078 - ERROR - Tiny PDF: ../scores/Rue/Rue1002d-no_edit.pdf
2026-02-18 11:37:11,102 - ERROR - Tiny PDF: ../scores/Rue/Rue1002d-edit.pdf
2026-02-18 11:37:27,923 - WARNING - Skipping corrupt section: ../scores/Agr/Agr1001c-no_edit.pdf
2026-02-18 11:37:27,923 - WARNING - Skipping corrupt section: ../scores/Agr/Agr1001d-no_edit.pdf
2026-02-18 11:37:28,045 - WARNING - Skipping corrupt section: ../scores/Agr/Agr1001c-edit.pdf
2026-02-18 11:37:28,045 - WARNING - Skipping corrupt section: ../scores/Agr/Agr1001d-edit.pdf
2026-02-18 11:37:28,122 - WARNING - Skipping corrupt section: ../scores/Agr/Agr1004b-no_edit.pdf
2026-02-18 11:37:28,123 - WARNING - Skipping corrupt section: ../scores/Agr/Agr1004c-no_edit.pdf
2026-02-18 11:37:28,123 - WARNING - Skipping corrupt section: ../scores/Agr/Agr1004d-no_edit.pdf
2026-02-18 11:37:28,123 - WARNING - Skipping corrupt section: ../scores/Agr/Agr1004e-no_edit.pdf
2026-02-18 11:37:28,161 - WARNING - Skipping corrupt section: ../scores/Agr/Agr1004b-edit.pdf
2026-02-18 11:37:28,161 - WARNING - Skipping corrupt section: ../scores/Agr/Agr1004c-edit.pdf
2026-02-18 11:37:28,161 - WARNING - Skipping corrupt section: ../scores/Agr/Agr1004d-edit.pdf
2026-02-18 11:37:28,161 - WARNING - Skipping corrupt section: ../scores/Agr/Agr1004e-edit.pdf
2026-02-18 11:37:28,280 - WARNING - Skipping corrupt section: ../scores/Ano/Ano1001d-no_edit.pdf
2026-02-18 11:37:28,482 - WARNING - Skipping corrupt section: ../scores/Ano/Ano1001d-edit.pdf
2026-02-18 11:37:30,080 - WARNING - Skipping corrupt section: ../scores/Bru/Bru1008a-no_edit.pdf
2026-02-18 11:37:30,081 - WARNING - Skipping corrupt section: ../scores/Bru/Bru1008b-no_edit.pdf
2026-02-18 11:37:30,123 - WARNING - Skipping corrupt section: ../scores/Bru/Bru1008d-no_edit.pdf
2026-02-18 11:37:30,123 - WARNING - Skipping corrupt section: ../scores/Bru/Bru1008e-no_edit.pdf
2026-02-18 11:37:30,123 - WARNING - Skipping corrupt section: ../scores/Bru/Bru1008a-edit.pdf
2026-02-18 11:37:30,123 - WARNING - Skipping corrupt section: ../scores/Bru/Bru1008b-edit.pdf
2026-02-18 11:37:30,166 - WARNING - Skipping corrupt section: ../scores/Bru/Bru1008d-edit.pdf
2026-02-18 11:37:30,166 - WARNING - Skipping corrupt section: ../scores/Bru/Bru1008e-edit.pdf
2026-02-18 11:37:30,650 - WARNING - Skipping corrupt section: ../scores/Com/Com1002a-no_edit.pdf
2026-02-18 11:37:30,650 - WARNING - Skipping corrupt section: ../scores/Com/Com1002b-no_edit.pdf
2026-02-18 11:37:30,730 - WARNING - Skipping corrupt section: ../scores/Com/Com1002e-no_edit.pdf
2026-02-18 11:37:30,768 - WARNING - Skipping corrupt section: ../scores/Com/Com1002a-edit.pdf
2026-02-18 11:37:30,768 - WARNING - Skipping corrupt section: ../scores/Com/Com1002b-edit.pdf
2026-02-18 11:37:30,851 - WARNING - Skipping corrupt section: ../scores/Com/Com1002e-edit.pdf
2026-02-18 11:37:30,977 - WARNING - Skipping corrupt section: ../scores/Das/Das1002c-no_edit.pdf
2026-02-18 11:37:31,174 - WARNING - Skipping corrupt section: ../scores/Das/Das1002c-edit.pdf
2026-02-18 11:37:32,314 - WARNING - Skipping corrupt section: ../scores/Duf/Duf1004c-no_edit.pdf
2026-02-18 11:37:32,510 - WARNING - Skipping corrupt section: ../scores/Duf/Duf1004c-edit.pdf
2026-02-18 11:37:32,704 - WARNING - Skipping corrupt section: ../scores/Duf/Duf1005c-no_edit.pdf
2026-02-18 11:37:34,302 - WARNING - Skipping corrupt section: ../scores/Gas/Gas0102c-no_edit.pdf
2026-02-18 11:37:34,302 - WARNING - Skipping corrupt section: ../scores/Gas/Gas0102d-no_edit.pdf
2026-02-18 11:37:34,457 - WARNING - Skipping corrupt section: ../scores/Gas/Gas0102c-edit.pdf
2026-02-18 11:37:34,458 - WARNING - Skipping corrupt section: ../scores/Gas/Gas0102d-edit.pdf
2026-02-18 11:37:34,612 - WARNING - Skipping corrupt section: ../scores/Gas/Gas0103c-no_edit.pdf
2026-02-18 11:37:34,808 - WARNING - Skipping corrupt section: ../scores/Gas/Gas0103c-edit.pdf
2026-02-18 11:37:34,964 - WARNING - Skipping corrupt section: ../scores/Gas/Gas0104b-no_edit.pdf
2026-02-18 11:37:35,155 - WARNING - Skipping corrupt section: ../scores/Gas/Gas0104b-edit.pdf
2026-02-18 11:37:35,350 - WARNING - Skipping corrupt section: ../scores/Gas/Gas0201b-no_edit.pdf
2026-02-18 11:37:35,545 - WARNING - Skipping corrupt section: ../scores/Gas/Gas0201b-edit.pdf
2026-02-18 11:37:36,279 - WARNING - Skipping corrupt section: ../scores/Gas/Gas0203c-no_edit.pdf
2026-02-18 11:37:36,279 - WARNING - Skipping corrupt section: ../scores/Gas/Gas0203d-no_edit.pdf
2026-02-18 11:37:36,442 - WARNING - Skipping corrupt section: ../scores/Gas/Gas0203c-edit.pdf
2026-02-18 11:37:36,442 - WARNING - Skipping corrupt section: ../scores/Gas/Gas0203d-edit.pdf
2026-02-18 11:37:36,567 - WARNING - Skipping corrupt section: ../scores/Gas/Gas0204b-no_edit.pdf
2026-02-18 11:37:36,765 - WARNING - Skipping corrupt section: ../scores/Gas/Gas0204b-edit.pdf
2026-02-18 11:37:39,035 - WARNING - Skipping corrupt section: ../scores/Gas/Gas0501b-edit.pdf
2026-02-18 11:37:39,504 - WARNING - Skipping corrupt section: ../scores/Jos/Jos0301b-edit.pdf
2026-02-18 11:37:45,549 - WARNING - Skipping corrupt section: ../scores/Jos/Jos0703d-no_edit.pdf
2026-02-18 11:37:54,911 - WARNING - Skipping corrupt section: ../scores/Mar/Mar1004b-no_edit.pdf
2026-02-18 11:37:58,050 - WARNING - Skipping corrupt section: ../scores/Obr/Obr1002c-no_edit.pdf
2026-02-18 11:37:58,050 - WARNING - Skipping corrupt section: ../scores/Obr/Obr1002d-no_edit.pdf
2026-02-18 11:37:58,206 - WARNING - Skipping corrupt section: ../scores/Obr/Obr1002c-edit.pdf
2026-02-18 11:37:58,206 - WARNING - Skipping corrupt section: ../scores/Obr/Obr1002d-edit.pdf
2026-02-18 11:38:04,292 - WARNING - Skipping corrupt section: ../scores/Oke/Oke1013e-no_edit.pdf
2026-02-18 11:38:04,497 - WARNING - Skipping corrupt section: ../scores/Oke/Oke1013e-edit.pdf
2026-02-18 11:38:07,985 - WARNING - Skipping corrupt section: ../scores/Rue/Rue1002d-no_edit.pdf
2026-02-18 11:38:08,179 - WARNING - Skipping corrupt section: ../scores/Rue/Rue1002d-edit.pdf
